Apr 11 11:07:28 90.2.241.153 (pid 3585) mail contact@lucdesign.net
Contact
From: luc255@gmail.com (luc255 at gmail.com)
Reply-To: luc255@gmail.com (luc255 at gmail.com)
Content-Type: text/plain; charset=utf-8
Content-Transfer-Encoding: 8bit
MIME-Version: 1.0

Apr 11 11:07:28 90.2.241.153 (pid 3585) mail m.h@realestatecaretaking.com
Contact
From: contact@lucdesign.net (contact at lucdesign.net)
Reply-To: contact@lucdesign.net (contact at lucdesign.net)
Content-Type: text/plain; charset=utf-8
Content-Transfer-Encoding: 8bit
MIME-Version: 1.0

Apr 11 11:10:35 90.2.241.153 (pid 8031) mail contact@lucdesign.net
Contact
From: luc255@gmail.com (luc255 at gmail.com)
Reply-To: luc255@gmail.com (luc255 at gmail.com)
Content-Type: text/plain; charset=utf-8
Content-Transfer-Encoding: 8bit
MIME-Version: 1.0

Apr 11 11:10:35 90.2.241.153 (pid 8031) mail m.h@realestatecaretaking.com
Contact
From: contact@lucdesign.net (contact at lucdesign.net)
Reply-To: contact@lucdesign.net (contact at lucdesign.net)
Content-Type: text/plain; charset=utf-8
Content-Transfer-Encoding: 8bit
MIME-Version: 1.0

Apr 12 11:12:50 90.46.206.201 (pid 3298) mail emilie.phelip1@orange.fr
Contact
From: contact@realestatecaretaking.com (contact at realestatecaretaking.com)
Reply-To: contact@realestatecaretaking.com (contact at realestatecaretaking.com)
Content-Type: text/plain; charset=utf-8
Content-Transfer-Encoding: 8bit
MIME-Version: 1.0

Apr 12 11:12:50 90.46.206.201 (pid 3298) mail m.h@realestatecaretaking.com
Contact
From: emilie.phelip1@orange.fr (emilie.phelip1 at orange.fr)
Reply-To: emilie.phelip1@orange.fr (emilie.phelip1 at orange.fr)
Content-Type: text/plain; charset=utf-8
Content-Transfer-Encoding: 8bit
MIME-Version: 1.0

Aug 09 00:10:34 109.158.72.23 (pid 13301) mail anneborycki@yahoo.co.uk
Contact
From: contact@realestatecaretaking.com (contact at realestatecaretaking.com)
Reply-To: contact@realestatecaretaking.com (contact at realestatecaretaking.com)
Content-Type: text/plain; charset=utf-8
Content-Transfer-Encoding: 8bit
MIME-Version: 1.0

Aug 09 00:10:34 109.158.72.23 (pid 13301) mail mh@realestatecaretaking.com
Contact
From: anneborycki@yahoo.co.uk (anneborycki at yahoo.co.uk)
Reply-To: anneborycki@yahoo.co.uk (anneborycki at yahoo.co.uk)
Content-Type: text/plain; charset=utf-8
Content-Transfer-Encoding: 8bit
MIME-Version: 1.0

Aug 18 19:19:16 85.115.52.180 (pid 9813) mail hervehillion@orange.fr
Contact
From: contact@realestatecaretaking.com (contact at realestatecaretaking.com)
Reply-To: contact@realestatecaretaking.com (contact at realestatecaretaking.com)
Content-Type: text/plain; charset=utf-8
Content-Transfer-Encoding: 8bit
MIME-Version: 1.0

Aug 18 19:19:16 85.115.52.180 (pid 9813) mail mh@realestatecaretaking.com
Contact
From: hervehillion@orange.fr (hervehillion at orange.fr)
Reply-To: hervehillion@orange.fr (hervehillion at orange.fr)
Content-Type: text/plain; charset=utf-8
Content-Transfer-Encoding: 8bit
MIME-Version: 1.0

Oct 11 07:45:19 193.253.141.80 (pid 3874) mail hervehillion@orange.fr
Contact
From: contact@realestatecaretaking.com (contact at realestatecaretaking.com)
Reply-To: contact@realestatecaretaking.com (contact at realestatecaretaking.com)
Content-Type: text/plain; charset=utf-8
Content-Transfer-Encoding: 8bit
MIME-Version: 1.0

Oct 11 07:45:19 193.253.141.80 (pid 3874) mail mh@realestatecaretaking.com
Contact
From: hervehillion@orange.fr (hervehillion at orange.fr)
Reply-To: hervehillion@orange.fr (hervehillion at orange.fr)
Content-Type: text/plain; charset=utf-8
Content-Transfer-Encoding: 8bit
MIME-Version: 1.0

Oct 11 08:20:02 90.84.144.33 (pid 5962) mail hervehillion@orange.fr
Contact
From: contact@realestatecaretaking.com (contact at realestatecaretaking.com)
Reply-To: contact@realestatecaretaking.com (contact at realestatecaretaking.com)
Content-Type: text/plain; charset=utf-8
Content-Transfer-Encoding: 8bit
MIME-Version: 1.0

Oct 11 08:20:02 90.84.144.33 (pid 5962) mail mh@realestatecaretaking.com
Contact
From: hervehillion@orange.fr (hervehillion at orange.fr)
Reply-To: hervehillion@orange.fr (hervehillion at orange.fr)
Content-Type: text/plain; charset=utf-8
Content-Transfer-Encoding: 8bit
MIME-Version: 1.0

Dec 13 15:16:40 92.206.50.6 (pid 29350) mail michel.gira@citadimmo.fr
Contact
From: contact@realestatecaretaking.com (contact at realestatecaretaking.com)
Reply-To: contact@realestatecaretaking.com (contact at realestatecaretaking.com)
Content-Type: text/plain; charset=utf-8
Content-Transfer-Encoding: 8bit
MIME-Version: 1.0

Dec 13 15:16:40 92.206.50.6 (pid 29350) mail mh@realestatecaretaking.com
Contact
From: michel.gira@citadimmo.fr (michel.gira at citadimmo.fr)
Reply-To: michel.gira@citadimmo.fr (michel.gira at citadimmo.fr)
Content-Type: text/plain; charset=utf-8
Content-Transfer-Encoding: 8bit
MIME-Version: 1.0

Mar 08 12:53:50 82.227.61.67 (pid 8889) mail joylejoux@gmail.com
Contact
From: contact@realestatecaretaking.com (contact at realestatecaretaking.com)
Reply-To: contact@realestatecaretaking.com (contact at realestatecaretaking.com)
Content-Type: text/plain; charset=utf-8
Content-Transfer-Encoding: 8bit
MIME-Version: 1.0

Mar 08 12:53:50 82.227.61.67 (pid 8889) mail mh@realestatecaretaking.com
Contact
From: joylejoux@gmail.com (joylejoux at gmail.com)
Reply-To: joylejoux@gmail.com (joylejoux at gmail.com)
Content-Type: text/plain; charset=utf-8
Content-Transfer-Encoding: 8bit
MIME-Version: 1.0

Jul 01 13:47:53 83.204.245.143 (pid 31299) mail yfareri@yahoo.com
Contact
From: contact@realestatecaretaking.com (contact at realestatecaretaking.com)
Reply-To: contact@realestatecaretaking.com (contact at realestatecaretaking.com)
Content-Type: text/plain; charset=utf-8
Content-Transfer-Encoding: 8bit
MIME-Version: 1.0

Jul 01 13:47:53 83.204.245.143 (pid 31299) mail mh@realestatecaretaking.com
Contact
From: yfareri@yahoo.com (yfareri at yahoo.com)
Reply-To: yfareri@yahoo.com (yfareri at yahoo.com)
Content-Type: text/plain; charset=utf-8
Content-Transfer-Encoding: 8bit
MIME-Version: 1.0

May 07 12:05:41 71.178.182.14 (pid 11662) mail lavorels@email.com
Contact
From: contact@realestatecaretaking.com (contact at realestatecaretaking.com)
Reply-To: contact@realestatecaretaking.com (contact at realestatecaretaking.com)
Content-Type: text/plain; charset=utf-8
Content-Transfer-Encoding: 8bit
MIME-Version: 1.0

May 07 12:05:41 71.178.182.14 (pid 11662) mail mh@realestatecaretaking.com
Contact
From: lavorels@email.com (lavorels at email.com)
Reply-To: lavorels@email.com (lavorels at email.com)
Content-Type: text/plain; charset=utf-8
Content-Transfer-Encoding: 8bit
MIME-Version: 1.0

May 24 16:36:52 81.57.183.174 (pid 6564) mail yasmina@epsama.com
Contact
From: contact@realestatecaretaking.com (contact at realestatecaretaking.com)
Reply-To: contact@realestatecaretaking.com (contact at realestatecaretaking.com)
Content-Type: text/plain; charset=utf-8
Content-Transfer-Encoding: 8bit
MIME-Version: 1.0

May 24 16:36:52 81.57.183.174 (pid 6564) mail mh@realestatecaretaking.com
Contact
From: yasmina@epsama.com (yasmina at epsama.com)
Reply-To: yasmina@epsama.com (yasmina at epsama.com)
Content-Type: text/plain; charset=utf-8
Content-Transfer-Encoding: 8bit
MIME-Version: 1.0

Aug 24 18:08:11 50.36.166.21 (pid 25727) mail Martinehillion@orange.fr
Contact
From: contact@realestatecaretaking.com (contact at realestatecaretaking.com)
Reply-To: contact@realestatecaretaking.com (contact at realestatecaretaking.com)
Content-Type: text/plain; charset=utf-8
Content-Transfer-Encoding: 8bit
MIME-Version: 1.0

Aug 24 18:08:11 50.36.166.21 (pid 25727) mail mh@realestatecaretaking.com
Contact
From: Martinehillion@orange.fr (Martinehillion at orange.fr)
Reply-To: Martinehillion@orange.fr (Martinehillion at orange.fr)
Content-Type: text/plain; charset=utf-8
Content-Transfer-Encoding: 8bit
MIME-Version: 1.0

Jan 28 11:04:55 86.214.194.170 (pid 6864) mail claire.williams@angloinfo.com
Contact
From: contact@realestatecaretaking.com (contact at realestatecaretaking.com)
Reply-To: contact@realestatecaretaking.com (contact at realestatecaretaking.com)
Content-Type: text/plain; charset=utf-8
Content-Transfer-Encoding: 8bit
MIME-Version: 1.0

Jan 28 11:04:55 86.214.194.170 (pid 6864) mail mh@realestatecaretaking.com
Contact
From: claire.williams@angloinfo.com (claire.williams at angloinfo.com)
Reply-To: claire.williams@angloinfo.com (claire.williams at angloinfo.com)
Content-Type: text/plain; charset=utf-8
Content-Transfer-Encoding: 8bit
MIME-Version: 1.0

Mar 18 07:46:19 88.207.158.229 (pid 27019) mail mizmon@gmail.com
Contact
From: contact@realestatecaretaking.com (contact at realestatecaretaking.com)
Reply-To: contact@realestatecaretaking.com (contact at realestatecaretaking.com)
Content-Type: text/plain; charset=utf-8
Content-Transfer-Encoding: 8bit
MIME-Version: 1.0

Mar 18 07:46:19 88.207.158.229 (pid 27019) mail mh@realestatecaretaking.com
Contact
From: mizmon@gmail.com (mizmon at gmail.com)
Reply-To: mizmon@gmail.com (mizmon at gmail.com)
Content-Type: text/plain; charset=utf-8
Content-Transfer-Encoding: 8bit
MIME-Version: 1.0

Jul 01 16:43:20 69.10.82.6 (pid 26294) mail don.bensonhurst@gmail.com
Contact
From: contact@realestatecaretaking.com (contact at realestatecaretaking.com)
Reply-To: contact@realestatecaretaking.com (contact at realestatecaretaking.com)
Content-Type: text/plain; charset=utf-8
Content-Transfer-Encoding: 8bit
MIME-Version: 1.0

Jul 01 16:43:20 69.10.82.6 (pid 26294) mail mh@realestatecaretaking.com
Contact
From: don.bensonhurst@gmail.com (don.bensonhurst at gmail.com)
Reply-To: don.bensonhurst@gmail.com (don.bensonhurst at gmail.com)
Content-Type: text/plain; charset=utf-8
Content-Transfer-Encoding: 8bit
MIME-Version: 1.0

Aug 04 22:31:23 93.27.191.45 (pid 24896) mail Martinehillion@orange.fr
Contact
From: contact@realestatecaretaking.com (contact at realestatecaretaking.com)
Reply-To: contact@realestatecaretaking.com (contact at realestatecaretaking.com)
Content-Type: text/plain; charset=utf-8
Content-Transfer-Encoding: 8bit
MIME-Version: 1.0

Aug 04 22:31:23 93.27.191.45 (pid 24896) mail mh@realestatecaretaking.com
Contact
From: Martinehillion@orange.fr (Martinehillion at orange.fr)
Reply-To: Martinehillion@orange.fr (Martinehillion at orange.fr)
Content-Type: text/plain; charset=utf-8
Content-Transfer-Encoding: 8bit
MIME-Version: 1.0

Apr 19 15:05:37 188.63.190.131 (pid 639) mail joss.saini@yahoo.com
Contact
From: contact@realestatecaretaking.com (contact at realestatecaretaking.com)
Reply-To: contact@realestatecaretaking.com (contact at realestatecaretaking.com)
Content-Type: text/plain; charset=utf-8
Content-Transfer-Encoding: 8bit
MIME-Version: 1.0

Apr 19 15:05:37 188.63.190.131 (pid 639) mail mh@realestatecaretaking.com
Contact
From: joss.saini@yahoo.com (joss.saini at yahoo.com)
Reply-To: joss.saini@yahoo.com (joss.saini at yahoo.com)
Content-Type: text/plain; charset=utf-8
Content-Transfer-Encoding: 8bit
MIME-Version: 1.0

Apr 24 16:39:54 83.202.1.13 (pid 19676) mail lajat.kiss@orange.fr
Contact
From: contact@realestatecaretaking.com (contact at realestatecaretaking.com)
Reply-To: contact@realestatecaretaking.com (contact at realestatecaretaking.com)
Content-Type: text/plain; charset=utf-8
Content-Transfer-Encoding: 8bit
MIME-Version: 1.0

Apr 24 16:39:54 83.202.1.13 (pid 19676) mail mh@realestatecaretaking.com
Contact
From: lajat.kiss@orange.fr (lajat.kiss at orange.fr)
Reply-To: lajat.kiss@orange.fr (lajat.kiss at orange.fr)
Content-Type: text/plain; charset=utf-8
Content-Transfer-Encoding: 8bit
MIME-Version: 1.0

Apr 28 03:26:37 192.188.185.17 (pid 19291) mail marielpapaix@yahoo.fr
Contact
From: contact@realestatecaretaking.com (contact at realestatecaretaking.com)
Reply-To: contact@realestatecaretaking.com (contact at realestatecaretaking.com)
Content-Type: text/plain; charset=utf-8
Content-Transfer-Encoding: 8bit
MIME-Version: 1.0

Apr 28 03:26:37 192.188.185.17 (pid 19291) mail mh@realestatecaretaking.com
Contact
From: marielpapaix@yahoo.fr (marielpapaix at yahoo.fr)
Reply-To: marielpapaix@yahoo.fr (marielpapaix at yahoo.fr)
Content-Type: text/plain; charset=utf-8
Content-Transfer-Encoding: 8bit
MIME-Version: 1.0

May 06 05:11:26 192.159.167.101 (pid 13395) mail e_lavergne@yahoo.com
Contact
From: contact@realestatecaretaking.com (contact at realestatecaretaking.com)
Reply-To: contact@realestatecaretaking.com (contact at realestatecaretaking.com)
Content-Type: text/plain; charset=utf-8
Content-Transfer-Encoding: 8bit
MIME-Version: 1.0

May 06 05:11:26 192.159.167.101 (pid 13395) mail mh@realestatecaretaking.com
Contact
From: e_lavergne@yahoo.com (e_lavergne at yahoo.com)
Reply-To: e_lavergne@yahoo.com (e_lavergne at yahoo.com)
Content-Type: text/plain; charset=utf-8
Content-Transfer-Encoding: 8bit
MIME-Version: 1.0

Jun 02 00:33:03 172.72.145.80 (pid 3512) mail vgackiere@gmail.com
Contact
From: contact@realestatecaretaking.com (contact at realestatecaretaking.com)
Reply-To: contact@realestatecaretaking.com (contact at realestatecaretaking.com)
Content-Type: text/plain; charset=utf-8
Content-Transfer-Encoding: 8bit
MIME-Version: 1.0

Jun 02 00:33:03 172.72.145.80 (pid 3512) mail mh@realestatecaretaking.com
Contact
From: vgackiere@gmail.com (vgackiere at gmail.com)
Reply-To: vgackiere@gmail.com (vgackiere at gmail.com)
Content-Type: text/plain; charset=utf-8
Content-Transfer-Encoding: 8bit
MIME-Version: 1.0

Jun 02 11:10:01 46.218.54.86 (pid 22623) mail droin.anne@gmail.com
Contact
From: contact@realestatecaretaking.com (contact at realestatecaretaking.com)
Reply-To: contact@realestatecaretaking.com (contact at realestatecaretaking.com)
Content-Type: text/plain; charset=utf-8
Content-Transfer-Encoding: 8bit
MIME-Version: 1.0

Jun 02 11:10:01 46.218.54.86 (pid 22623) mail mh@realestatecaretaking.com
Contact
From: droin.anne@gmail.com (droin.anne at gmail.com)
Reply-To: droin.anne@gmail.com (droin.anne at gmail.com)
Content-Type: text/plain; charset=utf-8
Content-Transfer-Encoding: 8bit
MIME-Version: 1.0

Jun 11 14:52:22 46.227.48.204 (pid 27256) mail jal@wlp.fr
Contact
From: contact@realestatecaretaking.com (contact at realestatecaretaking.com)
Reply-To: contact@realestatecaretaking.com (contact at realestatecaretaking.com)
Content-Type: text/plain; charset=utf-8
Content-Transfer-Encoding: 8bit
MIME-Version: 1.0

Jun 11 14:52:22 46.227.48.204 (pid 27256) mail mh@realestatecaretaking.com
Contact
From: jal@wlp.fr (jal at wlp.fr)
Reply-To: jal@wlp.fr (jal at wlp.fr)
Content-Type: text/plain; charset=utf-8
Content-Transfer-Encoding: 8bit
MIME-Version: 1.0

Jun 11 21:54:30 179.218.98.149 (pid 27135) mail marielle.despa@gmail.com
Contact
From: contact@realestatecaretaking.com (contact at realestatecaretaking.com)
Reply-To: contact@realestatecaretaking.com (contact at realestatecaretaking.com)
Content-Type: text/plain; charset=utf-8
Content-Transfer-Encoding: 8bit
MIME-Version: 1.0

Jun 11 21:54:30 179.218.98.149 (pid 27135) mail mh@realestatecaretaking.com
Contact
From: marielle.despa@gmail.com (marielle.despa at gmail.com)
Reply-To: marielle.despa@gmail.com (marielle.despa at gmail.com)
Content-Type: text/plain; charset=utf-8
Content-Transfer-Encoding: 8bit
MIME-Version: 1.0

